2015-11-06 02:13:10 Error: [Cake\Routing\Exception\MissingControllerException] Controller class Cakephp3 could not be found.
Exception Attributes: array (
  'class' => 'Cakephp3',
  'plugin' => NULL,
  'prefix' => NULL,
  '_ext' => NULL,
)
Request URL: /cakephp3/cakephp3/debug_kit/js/toolbar.js
Stack Trace:
#0 C:\Users\lin\Desktop\phpdesktop-chrome-31.8-php-5.6.1\phpdesktop-chrome-31.8-php-5.6.1\www\cakephp3\webroot\index.php(37): Cake\Routing\Dispatcher->dispatch(Object(Cake\Network\Request), Object(Cake\Network\Response))
#1 {main}


2015-11-06 02:13:10 Error: [Cake\Routing\Exception\MissingControllerException] Controller class Cakephp3 could not be found.
Exception Attributes: array (
  'class' => 'Cakephp3',
  'plugin' => NULL,
  'prefix' => NULL,
  '_ext' => NULL,
)
Request URL: /cakephp3/cakephp3/css/base.css
Stack Trace:
#0 C:\Users\lin\Desktop\phpdesktop-chrome-31.8-php-5.6.1\phpdesktop-chrome-31.8-php-5.6.1\www\cakephp3\webroot\index.php(37): Cake\Routing\Dispatcher->dispatch(Object(Cake\Network\Request), Object(Cake\Network\Response))
#1 {main}


2015-11-06 02:13:11 Error: [Cake\Routing\Exception\MissingControllerException] Controller class Cakephp3 could not be found.
Exception Attributes: array (
  'class' => 'Cakephp3',
  'plugin' => NULL,
  'prefix' => NULL,
  '_ext' => NULL,
)
Request URL: /cakephp3/cakephp3/css/cake.css
Stack Trace:
#0 C:\Users\lin\Desktop\phpdesktop-chrome-31.8-php-5.6.1\phpdesktop-chrome-31.8-php-5.6.1\www\cakephp3\webroot\index.php(37): Cake\Routing\Dispatcher->dispatch(Object(Cake\Network\Request), Object(Cake\Network\Response))
#1 {main}


2015-11-06 02:13:41 Error: [Cake\Routing\Exception\MissingControllerException] Controller class Cakephp3 could not be found.
Exception Attributes: array (
  'class' => 'Cakephp3',
  'plugin' => NULL,
  'prefix' => NULL,
  '_ext' => NULL,
)
Request URL: /cakephp3/cakephp3/debug_kit/js/toolbar.js
Stack Trace:
#0 C:\Users\lin\Desktop\phpdesktop-chrome-31.8-php-5.6.1\phpdesktop-chrome-31.8-php-5.6.1\www\cakephp3\webroot\index.php(37): Cake\Routing\Dispatcher->dispatch(Object(Cake\Network\Request), Object(Cake\Network\Response))
#1 {main}


2015-11-06 02:13:41 Error: [Cake\Routing\Exception\MissingControllerException] Controller class Cakephp3 could not be found.
Exception Attributes: array (
  'class' => 'Cakephp3',
  'plugin' => NULL,
  'prefix' => NULL,
  '_ext' => NULL,
)
Request URL: /cakephp3/cakephp3/css/base.css
Stack Trace:
#0 C:\Users\lin\Desktop\phpdesktop-chrome-31.8-php-5.6.1\phpdesktop-chrome-31.8-php-5.6.1\www\cakephp3\webroot\index.php(37): Cake\Routing\Dispatcher->dispatch(Object(Cake\Network\Request), Object(Cake\Network\Response))
#1 {main}


2015-11-06 02:13:41 Error: [Cake\Routing\Exception\MissingControllerException] Controller class Cakephp3 could not be found.
Exception Attributes: array (
  'class' => 'Cakephp3',
  'plugin' => NULL,
  'prefix' => NULL,
  '_ext' => NULL,
)
Request URL: /cakephp3/cakephp3/css/cake.css
Stack Trace:
#0 C:\Users\lin\Desktop\phpdesktop-chrome-31.8-php-5.6.1\phpdesktop-chrome-31.8-php-5.6.1\www\cakephp3\webroot\index.php(37): Cake\Routing\Dispatcher->dispatch(Object(Cake\Network\Request), Object(Cake\Network\Response))
#1 {main}


2015-11-06 02:25:47 Error: [Cake\Routing\Exception\MissingControllerException] Controller class Company5.html could not be found.
Exception Attributes: array (
  'class' => 'Company5.html',
  'plugin' => NULL,
  'prefix' => NULL,
  '_ext' => NULL,
)
Request URL: /cakephp3/index.php/company_5.html
Stack Trace:
#0 C:\Users\lin\Desktop\phpdesktop-chrome-31.8-php-5.6.1\phpdesktop-chrome-31.8-php-5.6.1\www\cakephp3\webroot\index.php(37): Cake\Routing\Dispatcher->dispatch(Object(Cake\Network\Request), Object(Cake\Network\Response))
#1 C:\Users\lin\Desktop\phpdesktop-chrome-31.8-php-5.6.1\phpdesktop-chrome-31.8-php-5.6.1\www\cakephp3\index.php(16): require('C:\\Users\\lin\\De...')
#2 {main}


2015-11-06 02:25:50 Error: [Cake\Datasource\Exception\RecordNotFoundException] Record not found in table "requests"
Request URL: /cakephp3/index.php/debug_kit/toolbar/debug_kit/css/debug_kit/toolbar/debug_kit/css/reset.css
Stack Trace:
#0 C:\Users\lin\Desktop\phpdesktop-chrome-31.8-php-5.6.1\phpdesktop-chrome-31.8-php-5.6.1\www\cakephp3\vendor\cakephp\cakephp\src\ORM\Table.php(1187): Cake\ORM\Query->firstOrFail()
#1 C:\Users\lin\Desktop\phpdesktop-chrome-31.8-php-5.6.1\phpdesktop-chrome-31.8-php-5.6.1\www\cakephp3\vendor\cakephp\debug_kit\src\Controller\RequestsController.php(62): Cake\ORM\Table->get('debug_kit', Array)
#2 [internal function]: DebugKit\Controller\RequestsController->view('debug_kit', 'css', 'reset.css')
#3 C:\Users\lin\Desktop\phpdesktop-chrome-31.8-php-5.6.1\phpdesktop-chrome-31.8-php-5.6.1\www\cakephp3\vendor\cakephp\cakephp\src\Controller\Controller.php(429): call_user_func_array(Array, Array)
#4 C:\Users\lin\Desktop\phpdesktop-chrome-31.8-php-5.6.1\phpdesktop-chrome-31.8-php-5.6.1\www\cakephp3\vendor\cakephp\cakephp\src\Routing\Dispatcher.php(114): Cake\Controller\Controller->invokeAction()
#5 C:\Users\lin\Desktop\phpdesktop-chrome-31.8-php-5.6.1\phpdesktop-chrome-31.8-php-5.6.1\www\cakephp3\vendor\cakephp\cakephp\src\Routing\Dispatcher.php(87): Cake\Routing\Dispatcher->_invoke(Object(DebugKit\Controller\RequestsController))
#6 C:\Users\lin\Desktop\phpdesktop-chrome-31.8-php-5.6.1\phpdesktop-chrome-31.8-php-5.6.1\www\cakephp3\webroot\index.php(37): Cake\Routing\Dispatcher->dispatch(Object(Cake\Network\Request), Object(Cake\Network\Response))
#7 C:\Users\lin\Desktop\phpdesktop-chrome-31.8-php-5.6.1\phpdesktop-chrome-31.8-php-5.6.1\www\cakephp3\index.php(16): require('C:\\Users\\lin\\De...')
#8 {main}


2015-11-06 02:25:50 Error: [Cake\Datasource\Exception\RecordNotFoundException] Record not found in table "requests"
Request URL: /cakephp3/index.php/debug_kit/toolbar/debug_kit/css/debug_kit/toolbar/debug_kit/css/toolbar.css
Stack Trace:
#0 C:\Users\lin\Desktop\phpdesktop-chrome-31.8-php-5.6.1\phpdesktop-chrome-31.8-php-5.6.1\www\cakephp3\vendor\cakephp\cakephp\src\ORM\Table.php(1187): Cake\ORM\Query->firstOrFail()
#1 C:\Users\lin\Desktop\phpdesktop-chrome-31.8-php-5.6.1\phpdesktop-chrome-31.8-php-5.6.1\www\cakephp3\vendor\cakephp\debug_kit\src\Controller\RequestsController.php(62): Cake\ORM\Table->get('debug_kit', Array)
#2 [internal function]: DebugKit\Controller\RequestsController->view('debug_kit', 'css', 'toolbar.css')
#3 C:\Users\lin\Desktop\phpdesktop-chrome-31.8-php-5.6.1\phpdesktop-chrome-31.8-php-5.6.1\www\cakephp3\vendor\cakephp\cakephp\src\Controller\Controller.php(429): call_user_func_array(Array, Array)
#4 C:\Users\lin\Desktop\phpdesktop-chrome-31.8-php-5.6.1\phpdesktop-chrome-31.8-php-5.6.1\www\cakephp3\vendor\cakephp\cakephp\src\Routing\Dispatcher.php(114): Cake\Controller\Controller->invokeAction()
#5 C:\Users\lin\Desktop\phpdesktop-chrome-31.8-php-5.6.1\phpdesktop-chrome-31.8-php-5.6.1\www\cakephp3\vendor\cakephp\cakephp\src\Routing\Dispatcher.php(87): Cake\Routing\Dispatcher->_invoke(Object(DebugKit\Controller\RequestsController))
#6 C:\Users\lin\Desktop\phpdesktop-chrome-31.8-php-5.6.1\phpdesktop-chrome-31.8-php-5.6.1\www\cakephp3\webroot\index.php(37): Cake\Routing\Dispatcher->dispatch(Object(Cake\Network\Request), Object(Cake\Network\Response))
#7 C:\Users\lin\Desktop\phpdesktop-chrome-31.8-php-5.6.1\phpdesktop-chrome-31.8-php-5.6.1\www\cakephp3\index.php(16): require('C:\\Users\\lin\\De...')
#8 {main}


2015-11-06 02:25:50 Error: [Cake\Datasource\Exception\RecordNotFoundException] Record not found in table "requests"
Request URL: /cakephp3/index.php/debug_kit/toolbar/debug_kit/js/debug_kit/toolbar/debug_kit/js/jquery.js
Stack Trace:
#0 C:\Users\lin\Desktop\phpdesktop-chrome-31.8-php-5.6.1\phpdesktop-chrome-31.8-php-5.6.1\www\cakephp3\vendor\cakephp\cakephp\src\ORM\Table.php(1187): Cake\ORM\Query->firstOrFail()
#1 C:\Users\lin\Desktop\phpdesktop-chrome-31.8-php-5.6.1\phpdesktop-chrome-31.8-php-5.6.1\www\cakephp3\vendor\cakephp\debug_kit\src\Controller\RequestsController.php(62): Cake\ORM\Table->get('debug_kit', Array)
#2 [internal function]: DebugKit\Controller\RequestsController->view('debug_kit', 'js', 'jquery.js')
#3 C:\Users\lin\Desktop\phpdesktop-chrome-31.8-php-5.6.1\phpdesktop-chrome-31.8-php-5.6.1\www\cakephp3\vendor\cakephp\cakephp\src\Controller\Controller.php(429): call_user_func_array(Array, Array)
#4 C:\Users\lin\Desktop\phpdesktop-chrome-31.8-php-5.6.1\phpdesktop-chrome-31.8-php-5.6.1\www\cakephp3\vendor\cakephp\cakephp\src\Routing\Dispatcher.php(114): Cake\Controller\Controller->invokeAction()
#5 C:\Users\lin\Desktop\phpdesktop-chrome-31.8-php-5.6.1\phpdesktop-chrome-31.8-php-5.6.1\www\cakephp3\vendor\cakephp\cakephp\src\Routing\Dispatcher.php(87): Cake\Routing\Dispatcher->_invoke(Object(DebugKit\Controller\RequestsController))
#6 C:\Users\lin\Desktop\phpdesktop-chrome-31.8-php-5.6.1\phpdesktop-chrome-31.8-php-5.6.1\www\cakephp3\webroot\index.php(37): Cake\Routing\Dispatcher->dispatch(Object(Cake\Network\Request), Object(Cake\Network\Response))
#7 C:\Users\lin\Desktop\phpdesktop-chrome-31.8-php-5.6.1\phpdesktop-chrome-31.8-php-5.6.1\www\cakephp3\index.php(16): require('C:\\Users\\lin\\De...')
#8 {main}


2015-11-06 02:25:50 Error: [Cake\Datasource\Exception\RecordNotFoundException] Record not found in table "requests"
Request URL: /cakephp3/index.php/debug_kit/toolbar/debug_kit/js/debug_kit/toolbar/debug_kit/js/debug_kit.js
Stack Trace:
#0 C:\Users\lin\Desktop\phpdesktop-chrome-31.8-php-5.6.1\phpdesktop-chrome-31.8-php-5.6.1\www\cakephp3\vendor\cakephp\cakephp\src\ORM\Table.php(1187): Cake\ORM\Query->firstOrFail()
#1 C:\Users\lin\Desktop\phpdesktop-chrome-31.8-php-5.6.1\phpdesktop-chrome-31.8-php-5.6.1\www\cakephp3\vendor\cakephp\debug_kit\src\Controller\RequestsController.php(62): Cake\ORM\Table->get('debug_kit', Array)
#2 [internal function]: DebugKit\Controller\RequestsController->view('debug_kit', 'js', 'debug_kit.js')
#3 C:\Users\lin\Desktop\phpdesktop-chrome-31.8-php-5.6.1\phpdesktop-chrome-31.8-php-5.6.1\www\cakephp3\vendor\cakephp\cakephp\src\Controller\Controller.php(429): call_user_func_array(Array, Array)
#4 C:\Users\lin\Desktop\phpdesktop-chrome-31.8-php-5.6.1\phpdesktop-chrome-31.8-php-5.6.1\www\cakephp3\vendor\cakephp\cakephp\src\Routing\Dispatcher.php(114): Cake\Controller\Controller->invokeAction()
#5 C:\Users\lin\Desktop\phpdesktop-chrome-31.8-php-5.6.1\phpdesktop-chrome-31.8-php-5.6.1\www\cakephp3\vendor\cakephp\cakephp\src\Routing\Dispatcher.php(87): Cake\Routing\Dispatcher->_invoke(Object(DebugKit\Controller\RequestsController))
#6 C:\Users\lin\Desktop\phpdesktop-chrome-31.8-php-5.6.1\phpdesktop-chrome-31.8-php-5.6.1\www\cakephp3\webroot\index.php(37): Cake\Routing\Dispatcher->dispatch(Object(Cake\Network\Request), Object(Cake\Network\Response))
#7 C:\Users\lin\Desktop\phpdesktop-chrome-31.8-php-5.6.1\phpdesktop-chrome-31.8-php-5.6.1\www\cakephp3\index.php(16): require('C:\\Users\\lin\\De...')
#8 {main}


2015-11-06 02:25:50 Error: [Cake\Datasource\Exception\RecordNotFoundException] Record not found in table "requests"
Request URL: /cakephp3/index.php/debug_kit/toolbar/debug_kit/img/debug_kit/toolbar/debug_kit/img/cake.icon.png
Stack Trace:
#0 C:\Users\lin\Desktop\phpdesktop-chrome-31.8-php-5.6.1\phpdesktop-chrome-31.8-php-5.6.1\www\cakephp3\vendor\cakephp\cakephp\src\ORM\Table.php(1187): Cake\ORM\Query->firstOrFail()
#1 C:\Users\lin\Desktop\phpdesktop-chrome-31.8-php-5.6.1\phpdesktop-chrome-31.8-php-5.6.1\www\cakephp3\vendor\cakephp\debug_kit\src\Controller\RequestsController.php(62): Cake\ORM\Table->get('debug_kit', Array)
#2 [internal function]: DebugKit\Controller\RequestsController->view('debug_kit', 'img', 'cake.icon.png')
#3 C:\Users\lin\Desktop\phpdesktop-chrome-31.8-php-5.6.1\phpdesktop-chrome-31.8-php-5.6.1\www\cakephp3\vendor\cakephp\cakephp\src\Controller\Controller.php(429): call_user_func_array(Array, Array)
#4 C:\Users\lin\Desktop\phpdesktop-chrome-31.8-php-5.6.1\phpdesktop-chrome-31.8-php-5.6.1\www\cakephp3\vendor\cakephp\cakephp\src\Routing\Dispatcher.php(114): Cake\Controller\Controller->invokeAction()
#5 C:\Users\lin\Desktop\phpdesktop-chrome-31.8-php-5.6.1\phpdesktop-chrome-31.8-php-5.6.1\www\cakephp3\vendor\cakephp\cakephp\src\Routing\Dispatcher.php(87): Cake\Routing\Dispatcher->_invoke(Object(DebugKit\Controller\RequestsController))
#6 C:\Users\lin\Desktop\phpdesktop-chrome-31.8-php-5.6.1\phpdesktop-chrome-31.8-php-5.6.1\www\cakephp3\webroot\index.php(37): Cake\Routing\Dispatcher->dispatch(Object(Cake\Network\Request), Object(Cake\Network\Response))
#7 C:\Users\lin\Desktop\phpdesktop-chrome-31.8-php-5.6.1\phpdesktop-chrome-31.8-php-5.6.1\www\cakephp3\index.php(16): require('C:\\Users\\lin\\De...')
#8 {main}


2015-11-06 02:25:50 Error: [Cake\Datasource\Exception\RecordNotFoundException] Record not found in table "requests"
Request URL: /cakephp3/index.php/debug_kit/toolbar/debug_kit/js/debug_kit/toolbar/debug_kit/js/toolbar-app.js
Stack Trace:
#0 C:\Users\lin\Desktop\phpdesktop-chrome-31.8-php-5.6.1\phpdesktop-chrome-31.8-php-5.6.1\www\cakephp3\vendor\cakephp\cakephp\src\ORM\Table.php(1187): Cake\ORM\Query->firstOrFail()
#1 C:\Users\lin\Desktop\phpdesktop-chrome-31.8-php-5.6.1\phpdesktop-chrome-31.8-php-5.6.1\www\cakephp3\vendor\cakephp\debug_kit\src\Controller\RequestsController.php(62): Cake\ORM\Table->get('debug_kit', Array)
#2 [internal function]: DebugKit\Controller\RequestsController->view('debug_kit', 'js', 'toolbar-app.js')
#3 C:\Users\lin\Desktop\phpdesktop-chrome-31.8-php-5.6.1\phpdesktop-chrome-31.8-php-5.6.1\www\cakephp3\vendor\cakephp\cakephp\src\Controller\Controller.php(429): call_user_func_array(Array, Array)
#4 C:\Users\lin\Desktop\phpdesktop-chrome-31.8-php-5.6.1\phpdesktop-chrome-31.8-php-5.6.1\www\cakephp3\vendor\cakephp\cakephp\src\Routing\Dispatcher.php(114): Cake\Controller\Controller->invokeAction()
#5 C:\Users\lin\Desktop\phpdesktop-chrome-31.8-php-5.6.1\phpdesktop-chrome-31.8-php-5.6.1\www\cakephp3\vendor\cakephp\cakephp\src\Routing\Dispatcher.php(87): Cake\Routing\Dispatcher->_invoke(Object(DebugKit\Controller\RequestsController))
#6 C:\Users\lin\Desktop\phpdesktop-chrome-31.8-php-5.6.1\phpdesktop-chrome-31.8-php-5.6.1\www\cakephp3\webroot\index.php(37): Cake\Routing\Dispatcher->dispatch(Object(Cake\Network\Request), Object(Cake\Network\Response))
#7 C:\Users\lin\Desktop\phpdesktop-chrome-31.8-php-5.6.1\phpdesktop-chrome-31.8-php-5.6.1\www\cakephp3\index.php(16): require('C:\\Users\\lin\\De...')
#8 {main}


2015-11-06 02:30:00 Error: [Cake\Routing\Exception\MissingControllerException] Controller class Webroot could not be found.
Exception Attributes: array (
  'class' => 'Webroot',
  'plugin' => NULL,
  'prefix' => NULL,
  '_ext' => NULL,
)
Request URL: /cakephp3/index.php/webroot/cakephp3/debug_kit/js/webroot/cakephp3/debug_kit/js/toolbar.js
Stack Trace:
#0 C:\Users\lin\Desktop\phpdesktop-chrome-31.8-php-5.6.1\phpdesktop-chrome-31.8-php-5.6.1\www\cakephp3\webroot\index.php(37): Cake\Routing\Dispatcher->dispatch(Object(Cake\Network\Request), Object(Cake\Network\Response))
#1 C:\Users\lin\Desktop\phpdesktop-chrome-31.8-php-5.6.1\phpdesktop-chrome-31.8-php-5.6.1\www\cakephp3\index.php(16): require('C:\\Users\\lin\\De...')
#2 {main}


2015-11-06 02:30:00 Error: [Cake\Routing\Exception\MissingControllerException] Controller class Webroot could not be found.
Exception Attributes: array (
  'class' => 'Webroot',
  'plugin' => NULL,
  'prefix' => NULL,
  '_ext' => NULL,
)
Request URL: /cakephp3/index.php/webroot/cakephp3/css/webroot/cakephp3/css/base.css
Stack Trace:
#0 C:\Users\lin\Desktop\phpdesktop-chrome-31.8-php-5.6.1\phpdesktop-chrome-31.8-php-5.6.1\www\cakephp3\webroot\index.php(37): Cake\Routing\Dispatcher->dispatch(Object(Cake\Network\Request), Object(Cake\Network\Response))
#1 C:\Users\lin\Desktop\phpdesktop-chrome-31.8-php-5.6.1\phpdesktop-chrome-31.8-php-5.6.1\www\cakephp3\index.php(16): require('C:\\Users\\lin\\De...')
#2 {main}


2015-11-06 02:30:01 Error: [Cake\Routing\Exception\MissingControllerException] Controller class Webroot could not be found.
Exception Attributes: array (
  'class' => 'Webroot',
  'plugin' => NULL,
  'prefix' => NULL,
  '_ext' => NULL,
)
Request URL: /cakephp3/index.php/webroot/cakephp3/css/webroot/cakephp3/css/cake.css
Stack Trace:
#0 C:\Users\lin\Desktop\phpdesktop-chrome-31.8-php-5.6.1\phpdesktop-chrome-31.8-php-5.6.1\www\cakephp3\webroot\index.php(37): Cake\Routing\Dispatcher->dispatch(Object(Cake\Network\Request), Object(Cake\Network\Response))
#1 C:\Users\lin\Desktop\phpdesktop-chrome-31.8-php-5.6.1\phpdesktop-chrome-31.8-php-5.6.1\www\cakephp3\index.php(16): require('C:\\Users\\lin\\De...')
#2 {main}


2015-11-06 02:30:12 Error: [Cake\Routing\Exception\MissingControllerException] Controller class Webroot could not be found.
Exception Attributes: array (
  'class' => 'Webroot',
  'plugin' => NULL,
  'prefix' => NULL,
  '_ext' => NULL,
)
Request URL: /cakephp3/index.php/webroot/cakephp3/css/webroot/cakephp3/css/cake.css
Stack Trace:
#0 C:\Users\lin\Desktop\phpdesktop-chrome-31.8-php-5.6.1\phpdesktop-chrome-31.8-php-5.6.1\www\cakephp3\webroot\index.php(37): Cake\Routing\Dispatcher->dispatch(Object(Cake\Network\Request), Object(Cake\Network\Response))
#1 C:\Users\lin\Desktop\phpdesktop-chrome-31.8-php-5.6.1\phpdesktop-chrome-31.8-php-5.6.1\www\cakephp3\index.php(16): require('C:\\Users\\lin\\De...')
#2 {main}


2015-11-06 02:30:12 Error: [Cake\Routing\Exception\MissingControllerException] Controller class Webroot could not be found.
Exception Attributes: array (
  'class' => 'Webroot',
  'plugin' => NULL,
  'prefix' => NULL,
  '_ext' => NULL,
)
Request URL: /cakephp3/index.php/webroot/cakephp3/css/webroot/cakephp3/css/base.css
Stack Trace:
#0 C:\Users\lin\Desktop\phpdesktop-chrome-31.8-php-5.6.1\phpdesktop-chrome-31.8-php-5.6.1\www\cakephp3\webroot\index.php(37): Cake\Routing\Dispatcher->dispatch(Object(Cake\Network\Request), Object(Cake\Network\Response))
#1 C:\Users\lin\Desktop\phpdesktop-chrome-31.8-php-5.6.1\phpdesktop-chrome-31.8-php-5.6.1\www\cakephp3\index.php(16): require('C:\\Users\\lin\\De...')
#2 {main}


2015-11-06 02:30:13 Error: [Cake\Routing\Exception\MissingControllerException] Controller class Webroot could not be found.
Exception Attributes: array (
  'class' => 'Webroot',
  'plugin' => NULL,
  'prefix' => NULL,
  '_ext' => NULL,
)
Request URL: /cakephp3/index.php/webroot/cakephp3/debug_kit/js/webroot/cakephp3/debug_kit/js/toolbar.js
Stack Trace:
#0 C:\Users\lin\Desktop\phpdesktop-chrome-31.8-php-5.6.1\phpdesktop-chrome-31.8-php-5.6.1\www\cakephp3\webroot\index.php(37): Cake\Routing\Dispatcher->dispatch(Object(Cake\Network\Request), Object(Cake\Network\Response))
#1 C:\Users\lin\Desktop\phpdesktop-chrome-31.8-php-5.6.1\phpdesktop-chrome-31.8-php-5.6.1\www\cakephp3\index.php(16): require('C:\\Users\\lin\\De...')
#2 {main}


2015-11-06 02:30:19 Error: [Cake\Routing\Exception\MissingControllerException] Controller class Webroot could not be found.
Exception Attributes: array (
  'class' => 'Webroot',
  'plugin' => NULL,
  'prefix' => NULL,
  '_ext' => NULL,
)
Request URL: /cakephp3/index.php/webroot/company_5.html
Stack Trace:
#0 C:\Users\lin\Desktop\phpdesktop-chrome-31.8-php-5.6.1\phpdesktop-chrome-31.8-php-5.6.1\www\cakephp3\webroot\index.php(37): Cake\Routing\Dispatcher->dispatch(Object(Cake\Network\Request), Object(Cake\Network\Response))
#1 C:\Users\lin\Desktop\phpdesktop-chrome-31.8-php-5.6.1\phpdesktop-chrome-31.8-php-5.6.1\www\cakephp3\index.php(16): require('C:\\Users\\lin\\De...')
#2 {main}


2015-11-06 02:30:22 Error: [Cake\Datasource\Exception\RecordNotFoundException] Record not found in table "requests"
Request URL: /cakephp3/index.php/debug_kit/toolbar/debug_kit/img/debug_kit/toolbar/debug_kit/img/cake.icon.png
Stack Trace:
#0 C:\Users\lin\Desktop\phpdesktop-chrome-31.8-php-5.6.1\phpdesktop-chrome-31.8-php-5.6.1\www\cakephp3\vendor\cakephp\cakephp\src\ORM\Table.php(1187): Cake\ORM\Query->firstOrFail()
#1 C:\Users\lin\Desktop\phpdesktop-chrome-31.8-php-5.6.1\phpdesktop-chrome-31.8-php-5.6.1\www\cakephp3\vendor\cakephp\debug_kit\src\Controller\RequestsController.php(62): Cake\ORM\Table->get('debug_kit', Array)
#2 [internal function]: DebugKit\Controller\RequestsController->view('debug_kit', 'img', 'cake.icon.png')
#3 C:\Users\lin\Desktop\phpdesktop-chrome-31.8-php-5.6.1\phpdesktop-chrome-31.8-php-5.6.1\www\cakephp3\vendor\cakephp\cakephp\src\Controller\Controller.php(429): call_user_func_array(Array, Array)
#4 C:\Users\lin\Desktop\phpdesktop-chrome-31.8-php-5.6.1\phpdesktop-chrome-31.8-php-5.6.1\www\cakephp3\vendor\cakephp\cakephp\src\Routing\Dispatcher.php(114): Cake\Controller\Controller->invokeAction()
#5 C:\Users\lin\Desktop\phpdesktop-chrome-31.8-php-5.6.1\phpdesktop-chrome-31.8-php-5.6.1\www\cakephp3\vendor\cakephp\cakephp\src\Routing\Dispatcher.php(87): Cake\Routing\Dispatcher->_invoke(Object(DebugKit\Controller\RequestsController))
#6 C:\Users\lin\Desktop\phpdesktop-chrome-31.8-php-5.6.1\phpdesktop-chrome-31.8-php-5.6.1\www\cakephp3\webroot\index.php(37): Cake\Routing\Dispatcher->dispatch(Object(Cake\Network\Request), Object(Cake\Network\Response))
#7 C:\Users\lin\Desktop\phpdesktop-chrome-31.8-php-5.6.1\phpdesktop-chrome-31.8-php-5.6.1\www\cakephp3\index.php(16): require('C:\\Users\\lin\\De...')
#8 {main}


2015-11-06 02:30:22 Error: [Cake\Datasource\Exception\RecordNotFoundException] Record not found in table "requests"
Request URL: /cakephp3/index.php/debug_kit/toolbar/debug_kit/js/debug_kit/toolbar/debug_kit/js/debug_kit.js
Stack Trace:
#0 C:\Users\lin\Desktop\phpdesktop-chrome-31.8-php-5.6.1\phpdesktop-chrome-31.8-php-5.6.1\www\cakephp3\vendor\cakephp\cakephp\src\ORM\Table.php(1187): Cake\ORM\Query->firstOrFail()
#1 C:\Users\lin\Desktop\phpdesktop-chrome-31.8-php-5.6.1\phpdesktop-chrome-31.8-php-5.6.1\www\cakephp3\vendor\cakephp\debug_kit\src\Controller\RequestsController.php(62): Cake\ORM\Table->get('debug_kit', Array)
#2 [internal function]: DebugKit\Controller\RequestsController->view('debug_kit', 'js', 'debug_kit.js')
#3 C:\Users\lin\Desktop\phpdesktop-chrome-31.8-php-5.6.1\phpdesktop-chrome-31.8-php-5.6.1\www\cakephp3\vendor\cakephp\cakephp\src\Controller\Controller.php(429): call_user_func_array(Array, Array)
#4 C:\Users\lin\Desktop\phpdesktop-chrome-31.8-php-5.6.1\phpdesktop-chrome-31.8-php-5.6.1\www\cakephp3\vendor\cakephp\cakephp\src\Routing\Dispatcher.php(114): Cake\Controller\Controller->invokeAction()
#5 C:\Users\lin\Desktop\phpdesktop-chrome-31.8-php-5.6.1\phpdesktop-chrome-31.8-php-5.6.1\www\cakephp3\vendor\cakephp\cakephp\src\Routing\Dispatcher.php(87): Cake\Routing\Dispatcher->_invoke(Object(DebugKit\Controller\RequestsController))
#6 C:\Users\lin\Desktop\phpdesktop-chrome-31.8-php-5.6.1\phpdesktop-chrome-31.8-php-5.6.1\www\cakephp3\webroot\index.php(37): Cake\Routing\Dispatcher->dispatch(Object(Cake\Network\Request), Object(Cake\Network\Response))
#7 C:\Users\lin\Desktop\phpdesktop-chrome-31.8-php-5.6.1\phpdesktop-chrome-31.8-php-5.6.1\www\cakephp3\index.php(16): require('C:\\Users\\lin\\De...')
#8 {main}


2015-11-06 02:30:22 Error: [Cake\Datasource\Exception\RecordNotFoundException] Record not found in table "requests"
Request URL: /cakephp3/index.php/debug_kit/toolbar/debug_kit/css/debug_kit/toolbar/debug_kit/css/reset.css
Stack Trace:
#0 C:\Users\lin\Desktop\phpdesktop-chrome-31.8-php-5.6.1\phpdesktop-chrome-31.8-php-5.6.1\www\cakephp3\vendor\cakephp\cakephp\src\ORM\Table.php(1187): Cake\ORM\Query->firstOrFail()
#1 C:\Users\lin\Desktop\phpdesktop-chrome-31.8-php-5.6.1\phpdesktop-chrome-31.8-php-5.6.1\www\cakephp3\vendor\cakephp\debug_kit\src\Controller\RequestsController.php(62): Cake\ORM\Table->get('debug_kit', Array)
#2 [internal function]: DebugKit\Controller\RequestsController->view('debug_kit', 'css', 'reset.css')
#3 C:\Users\lin\Desktop\phpdesktop-chrome-31.8-php-5.6.1\phpdesktop-chrome-31.8-php-5.6.1\www\cakephp3\vendor\cakephp\cakephp\src\Controller\Controller.php(429): call_user_func_array(Array, Array)
#4 C:\Users\lin\Desktop\phpdesktop-chrome-31.8-php-5.6.1\phpdesktop-chrome-31.8-php-5.6.1\www\cakephp3\vendor\cakephp\cakephp\src\Routing\Dispatcher.php(114): Cake\Controller\Controller->invokeAction()
#5 C:\Users\lin\Desktop\phpdesktop-chrome-31.8-php-5.6.1\phpdesktop-chrome-31.8-php-5.6.1\www\cakephp3\vendor\cakephp\cakephp\src\Routing\Dispatcher.php(87): Cake\Routing\Dispatcher->_invoke(Object(DebugKit\Controller\RequestsController))
#6 C:\Users\lin\Desktop\phpdesktop-chrome-31.8-php-5.6.1\phpdesktop-chrome-31.8-php-5.6.1\www\cakephp3\webroot\index.php(37): Cake\Routing\Dispatcher->dispatch(Object(Cake\Network\Request), Object(Cake\Network\Response))
#7 C:\Users\lin\Desktop\phpdesktop-chrome-31.8-php-5.6.1\phpdesktop-chrome-31.8-php-5.6.1\www\cakephp3\index.php(16): require('C:\\Users\\lin\\De...')
#8 {main}


2015-11-06 02:30:22 Error: [Cake\Datasource\Exception\RecordNotFoundException] Record not found in table "requests"
Request URL: /cakephp3/index.php/debug_kit/toolbar/debug_kit/js/debug_kit/toolbar/debug_kit/js/toolbar-app.js
Stack Trace:
#0 C:\Users\lin\Desktop\phpdesktop-chrome-31.8-php-5.6.1\phpdesktop-chrome-31.8-php-5.6.1\www\cakephp3\vendor\cakephp\cakephp\src\ORM\Table.php(1187): Cake\ORM\Query->firstOrFail()
#1 C:\Users\lin\Desktop\phpdesktop-chrome-31.8-php-5.6.1\phpdesktop-chrome-31.8-php-5.6.1\www\cakephp3\vendor\cakephp\debug_kit\src\Controller\RequestsController.php(62): Cake\ORM\Table->get('debug_kit', Array)
#2 [internal function]: DebugKit\Controller\RequestsController->view('debug_kit', 'js', 'toolbar-app.js')
#3 C:\Users\lin\Desktop\phpdesktop-chrome-31.8-php-5.6.1\phpdesktop-chrome-31.8-php-5.6.1\www\cakephp3\vendor\cakephp\cakephp\src\Controller\Controller.php(429): call_user_func_array(Array, Array)
#4 C:\Users\lin\Desktop\phpdesktop-chrome-31.8-php-5.6.1\phpdesktop-chrome-31.8-php-5.6.1\www\cakephp3\vendor\cakephp\cakephp\src\Routing\Dispatcher.php(114): Cake\Controller\Controller->invokeAction()
#5 C:\Users\lin\Desktop\phpdesktop-chrome-31.8-php-5.6.1\phpdesktop-chrome-31.8-php-5.6.1\www\cakephp3\vendor\cakephp\cakephp\src\Routing\Dispatcher.php(87): Cake\Routing\Dispatcher->_invoke(Object(DebugKit\Controller\RequestsController))
#6 C:\Users\lin\Desktop\phpdesktop-chrome-31.8-php-5.6.1\phpdesktop-chrome-31.8-php-5.6.1\www\cakephp3\webroot\index.php(37): Cake\Routing\Dispatcher->dispatch(Object(Cake\Network\Request), Object(Cake\Network\Response))
#7 C:\Users\lin\Desktop\phpdesktop-chrome-31.8-php-5.6.1\phpdesktop-chrome-31.8-php-5.6.1\www\cakephp3\index.php(16): require('C:\\Users\\lin\\De...')
#8 {main}


2015-11-06 02:30:23 Error: [Cake\Datasource\Exception\RecordNotFoundException] Record not found in table "requests"
Request URL: /cakephp3/index.php/debug_kit/toolbar/debug_kit/js/debug_kit/toolbar/debug_kit/js/jquery.js
Stack Trace:
#0 C:\Users\lin\Desktop\phpdesktop-chrome-31.8-php-5.6.1\phpdesktop-chrome-31.8-php-5.6.1\www\cakephp3\vendor\cakephp\cakephp\src\ORM\Table.php(1187): Cake\ORM\Query->firstOrFail()
#1 C:\Users\lin\Desktop\phpdesktop-chrome-31.8-php-5.6.1\phpdesktop-chrome-31.8-php-5.6.1\www\cakephp3\vendor\cakephp\debug_kit\src\Controller\RequestsController.php(62): Cake\ORM\Table->get('debug_kit', Array)
#2 [internal function]: DebugKit\Controller\RequestsController->view('debug_kit', 'js', 'jquery.js')
#3 C:\Users\lin\Desktop\phpdesktop-chrome-31.8-php-5.6.1\phpdesktop-chrome-31.8-php-5.6.1\www\cakephp3\vendor\cakephp\cakephp\src\Controller\Controller.php(429): call_user_func_array(Array, Array)
#4 C:\Users\lin\Desktop\phpdesktop-chrome-31.8-php-5.6.1\phpdesktop-chrome-31.8-php-5.6.1\www\cakephp3\vendor\cakephp\cakephp\src\Routing\Dispatcher.php(114): Cake\Controller\Controller->invokeAction()
#5 C:\Users\lin\Desktop\phpdesktop-chrome-31.8-php-5.6.1\phpdesktop-chrome-31.8-php-5.6.1\www\cakephp3\vendor\cakephp\cakephp\src\Routing\Dispatcher.php(87): Cake\Routing\Dispatcher->_invoke(Object(DebugKit\Controller\RequestsController))
#6 C:\Users\lin\Desktop\phpdesktop-chrome-31.8-php-5.6.1\phpdesktop-chrome-31.8-php-5.6.1\www\cakephp3\webroot\index.php(37): Cake\Routing\Dispatcher->dispatch(Object(Cake\Network\Request), Object(Cake\Network\Response))
#7 C:\Users\lin\Desktop\phpdesktop-chrome-31.8-php-5.6.1\phpdesktop-chrome-31.8-php-5.6.1\www\cakephp3\index.php(16): require('C:\\Users\\lin\\De...')
#8 {main}


2015-11-06 02:31:21 Error: [Cake\Routing\Exception\MissingRouteException] A route matching "/webroot//cakephp3/css/cake.css" could not be found.
Exception Attributes: array (
  'url' => '/webroot//cakephp3/css/cake.css',
)
Request URL: /cakephp3/index.php/webroot/cakephp3/css/webroot//cakephp3/css/cake.css
Stack Trace:
#0 C:\Users\lin\Desktop\phpdesktop-chrome-31.8-php-5.6.1\phpdesktop-chrome-31.8-php-5.6.1\www\cakephp3\vendor\cakephp\cakephp\src\Routing\Router.php(338): Cake\Routing\RouteCollection->parse('/webroot//cakep...')
#1 C:\Users\lin\Desktop\phpdesktop-chrome-31.8-php-5.6.1\phpdesktop-chrome-31.8-php-5.6.1\www\cakephp3\vendor\cakephp\cakephp\src\Routing\Filter\RoutingFilter.php(53): Cake\Routing\Router::parse('webroot//cakeph...')
#2 C:\Users\lin\Desktop\phpdesktop-chrome-31.8-php-5.6.1\phpdesktop-chrome-31.8-php-5.6.1\www\cakephp3\vendor\cakephp\cakephp\src\Routing\DispatcherFilter.php(145): Cake\Routing\Filter\RoutingFilter->beforeDispatch(Object(Cake\Event\Event))
#3 C:\Users\lin\Desktop\phpdesktop-chrome-31.8-php-5.6.1\phpdesktop-chrome-31.8-php-5.6.1\www\cakephp3\vendor\cakephp\cakephp\src\Event\EventManager.php(389): Cake\Routing\DispatcherFilter->handle(Object(Cake\Event\Event), Object(Cake\Network\Request), Object(Cake\Network\Response))
#4 C:\Users\lin\Desktop\phpdesktop-chrome-31.8-php-5.6.1\phpdesktop-chrome-31.8-php-5.6.1\www\cakephp3\vendor\cakephp\cakephp\src\Event\EventManager.php(355): Cake\Event\EventManager->_callListener(Array, Object(Cake\Event\Event))
#5 C:\Users\lin\Desktop\phpdesktop-chrome-31.8-php-5.6.1\phpdesktop-chrome-31.8-php-5.6.1\www\cakephp3\vendor\cakephp\cakephp\src\Event\EventDispatcherTrait.php(78): Cake\Event\EventManager->dispatch(Object(Cake\Event\Event))
#6 C:\Users\lin\Desktop\phpdesktop-chrome-31.8-php-5.6.1\phpdesktop-chrome-31.8-php-5.6.1\www\cakephp3\vendor\cakephp\cakephp\src\Routing\Dispatcher.php(62): Cake\Routing\Dispatcher->dispatchEvent('Dispatcher.befo...', Array)
#7 C:\Users\lin\Desktop\phpdesktop-chrome-31.8-php-5.6.1\phpdesktop-chrome-31.8-php-5.6.1\www\cakephp3\webroot\index.php(37): Cake\Routing\Dispatcher->dispatch(Object(Cake\Network\Request), Object(Cake\Network\Response))
#8 C:\Users\lin\Desktop\phpdesktop-chrome-31.8-php-5.6.1\phpdesktop-chrome-31.8-php-5.6.1\www\cakephp3\index.php(16): require('C:\\Users\\lin\\De...')
#9 {main}


2015-11-06 02:31:37 Error: [Cake\Routing\Exception\MissingRouteException] A route matching "/webroot//cakephp3/css/base.css" could not be found.
Exception Attributes: array (
  'url' => '/webroot//cakephp3/css/base.css',
)
Request URL: /cakephp3/index.php/webroot/cakephp3/css/webroot//cakephp3/css/base.css
Stack Trace:
#0 C:\Users\lin\Desktop\phpdesktop-chrome-31.8-php-5.6.1\phpdesktop-chrome-31.8-php-5.6.1\www\cakephp3\vendor\cakephp\cakephp\src\Routing\Router.php(338): Cake\Routing\RouteCollection->parse('/webroot//cakep...')
#1 C:\Users\lin\Desktop\phpdesktop-chrome-31.8-php-5.6.1\phpdesktop-chrome-31.8-php-5.6.1\www\cakephp3\vendor\cakephp\cakephp\src\Routing\Filter\RoutingFilter.php(53): Cake\Routing\Router::parse('webroot//cakeph...')
#2 C:\Users\lin\Desktop\phpdesktop-chrome-31.8-php-5.6.1\phpdesktop-chrome-31.8-php-5.6.1\www\cakephp3\vendor\cakephp\cakephp\src\Routing\DispatcherFilter.php(145): Cake\Routing\Filter\RoutingFilter->beforeDispatch(Object(Cake\Event\Event))
#3 C:\Users\lin\Desktop\phpdesktop-chrome-31.8-php-5.6.1\phpdesktop-chrome-31.8-php-5.6.1\www\cakephp3\vendor\cakephp\cakephp\src\Event\EventManager.php(389): Cake\Routing\DispatcherFilter->handle(Object(Cake\Event\Event), Object(Cake\Network\Request), Object(Cake\Network\Response))
#4 C:\Users\lin\Desktop\phpdesktop-chrome-31.8-php-5.6.1\phpdesktop-chrome-31.8-php-5.6.1\www\cakephp3\vendor\cakephp\cakephp\src\Event\EventManager.php(355): Cake\Event\EventManager->_callListener(Array, Object(Cake\Event\Event))
#5 C:\Users\lin\Desktop\phpdesktop-chrome-31.8-php-5.6.1\phpdesktop-chrome-31.8-php-5.6.1\www\cakephp3\vendor\cakephp\cakephp\src\Event\EventDispatcherTrait.php(78): Cake\Event\EventManager->dispatch(Object(Cake\Event\Event))
#6 C:\Users\lin\Desktop\phpdesktop-chrome-31.8-php-5.6.1\phpdesktop-chrome-31.8-php-5.6.1\www\cakephp3\vendor\cakephp\cakephp\src\Routing\Dispatcher.php(62): Cake\Routing\Dispatcher->dispatchEvent('Dispatcher.befo...', Array)
#7 C:\Users\lin\Desktop\phpdesktop-chrome-31.8-php-5.6.1\phpdesktop-chrome-31.8-php-5.6.1\www\cakephp3\webroot\index.php(37): Cake\Routing\Dispatcher->dispatch(Object(Cake\Network\Request), Object(Cake\Network\Response))
#8 C:\Users\lin\Desktop\phpdesktop-chrome-31.8-php-5.6.1\phpdesktop-chrome-31.8-php-5.6.1\www\cakephp3\index.php(16): require('C:\\Users\\lin\\De...')
#9 {main}


2015-11-06 02:39:44 Error: [Cake\Routing\Exception\MissingControllerException] Controller class Cakephp3 could not be found.
Exception Attributes: array (
  'class' => 'Cakephp3',
  'plugin' => NULL,
  'prefix' => NULL,
  '_ext' => NULL,
)
Request URL: /cakephp3/cakephp3/debug_kit/js/toolbar.js
Stack Trace:
#0 C:\Users\lin\Desktop\phpdesktop-chrome-31.8-php-5.6.1\phpdesktop-chrome-31.8-php-5.6.1\www\cakephp3\webroot\index.php(37): Cake\Routing\Dispatcher->dispatch(Object(Cake\Network\Request), Object(Cake\Network\Response))
#1 {main}


2015-11-06 02:39:44 Error: [Cake\Routing\Exception\MissingControllerException] Controller class Cakephp3 could not be found.
Exception Attributes: array (
  'class' => 'Cakephp3',
  'plugin' => NULL,
  'prefix' => NULL,
  '_ext' => NULL,
)
Request URL: /cakephp3/cakephp3/css/cake.css
Stack Trace:
#0 C:\Users\lin\Desktop\phpdesktop-chrome-31.8-php-5.6.1\phpdesktop-chrome-31.8-php-5.6.1\www\cakephp3\webroot\index.php(37): Cake\Routing\Dispatcher->dispatch(Object(Cake\Network\Request), Object(Cake\Network\Response))
#1 {main}


2015-11-06 02:39:45 Error: [Cake\Routing\Exception\MissingControllerException] Controller class Cakephp3 could not be found.
Exception Attributes: array (
  'class' => 'Cakephp3',
  'plugin' => NULL,
  'prefix' => NULL,
  '_ext' => NULL,
)
Request URL: /cakephp3/cakephp3/css/base.css
Stack Trace:
#0 C:\Users\lin\Desktop\phpdesktop-chrome-31.8-php-5.6.1\phpdesktop-chrome-31.8-php-5.6.1\www\cakephp3\webroot\index.php(37): Cake\Routing\Dispatcher->dispatch(Object(Cake\Network\Request), Object(Cake\Network\Response))
#1 {main}


2015-11-06 02:39:55 Error: [Cake\Routing\Exception\MissingControllerException] Controller class Company5.html could not be found.
Exception Attributes: array (
  'class' => 'Company5.html',
  'plugin' => NULL,
  'prefix' => NULL,
  '_ext' => NULL,
)
Request URL: /cakephp3/company_5.html
Stack Trace:
#0 C:\Users\lin\Desktop\phpdesktop-chrome-31.8-php-5.6.1\phpdesktop-chrome-31.8-php-5.6.1\www\cakephp3\webroot\index.php(37): Cake\Routing\Dispatcher->dispatch(Object(Cake\Network\Request), Object(Cake\Network\Response))
#1 {main}


2015-11-06 02:39:57 Error: [Cake\Routing\Exception\MissingControllerException] Controller class Cakephp3 could not be found.
Exception Attributes: array (
  'class' => 'Cakephp3',
  'plugin' => NULL,
  'prefix' => NULL,
  '_ext' => NULL,
)
Request URL: /cakephp3/cakephp3/debug_kit/js/toolbar.js
Stack Trace:
#0 C:\Users\lin\Desktop\phpdesktop-chrome-31.8-php-5.6.1\phpdesktop-chrome-31.8-php-5.6.1\www\cakephp3\webroot\index.php(37): Cake\Routing\Dispatcher->dispatch(Object(Cake\Network\Request), Object(Cake\Network\Response))
#1 {main}


2015-11-06 02:40:16 Error: [Cake\Routing\Exception\MissingControllerException] Controller class Company5.html could not be found.
Exception Attributes: array (
  'class' => 'Company5.html',
  'plugin' => NULL,
  'prefix' => NULL,
  '_ext' => NULL,
)
Request URL: /cakephp3/company_5.html
Stack Trace:
#0 C:\Users\lin\Desktop\phpdesktop-chrome-31.8-php-5.6.1\phpdesktop-chrome-31.8-php-5.6.1\www\cakephp3\webroot\index.php(37): Cake\Routing\Dispatcher->dispatch(Object(Cake\Network\Request), Object(Cake\Network\Response))
#1 {main}


2015-11-06 02:40:16 Error: [Cake\Routing\Exception\MissingControllerException] Controller class Cakephp3 could not be found.
Exception Attributes: array (
  'class' => 'Cakephp3',
  'plugin' => NULL,
  'prefix' => NULL,
  '_ext' => NULL,
)
Request URL: /cakephp3/cakephp3/debug_kit/js/toolbar.js
Stack Trace:
#0 C:\Users\lin\Desktop\phpdesktop-chrome-31.8-php-5.6.1\phpdesktop-chrome-31.8-php-5.6.1\www\cakephp3\webroot\index.php(37): Cake\Routing\Dispatcher->dispatch(Object(Cake\Network\Request), Object(Cake\Network\Response))
#1 {main}


2015-11-06 02:45:59 Error: [Cake\Routing\Exception\MissingControllerException] Controller class Cakephp3 could not be found.
Exception Attributes: array (
  'class' => 'Cakephp3',
  'plugin' => NULL,
  'prefix' => NULL,
  '_ext' => NULL,
)
Request URL: /cakephp3/cakephp3/css/cake.css
Stack Trace:
#0 C:\Users\lin\Desktop\phpdesktop-chrome-31.8-php-5.6.1\phpdesktop-chrome-31.8-php-5.6.1\www\cakephp3\webroot\index.php(37): Cake\Routing\Dispatcher->dispatch(Object(Cake\Network\Request), Object(Cake\Network\Response))
#1 {main}


2015-11-06 02:45:59 Error: [Cake\Routing\Exception\MissingControllerException] Controller class Cakephp3 could not be found.
Exception Attributes: array (
  'class' => 'Cakephp3',
  'plugin' => NULL,
  'prefix' => NULL,
  '_ext' => NULL,
)
Request URL: /cakephp3/cakephp3/debug_kit/js/toolbar.js
Stack Trace:
#0 C:\Users\lin\Desktop\phpdesktop-chrome-31.8-php-5.6.1\phpdesktop-chrome-31.8-php-5.6.1\www\cakephp3\webroot\index.php(37): Cake\Routing\Dispatcher->dispatch(Object(Cake\Network\Request), Object(Cake\Network\Response))
#1 {main}


2015-11-06 02:46:00 Error: [Cake\Routing\Exception\MissingControllerException] Controller class Cakephp3 could not be found.
Exception Attributes: array (
  'class' => 'Cakephp3',
  'plugin' => NULL,
  'prefix' => NULL,
  '_ext' => NULL,
)
Request URL: /cakephp3/cakephp3/css/base.css
Stack Trace:
#0 C:\Users\lin\Desktop\phpdesktop-chrome-31.8-php-5.6.1\phpdesktop-chrome-31.8-php-5.6.1\www\cakephp3\webroot\index.php(37): Cake\Routing\Dispatcher->dispatch(Object(Cake\Network\Request), Object(Cake\Network\Response))
#1 {main}


2015-11-06 02:47:27 Error: [Cake\Routing\Exception\MissingControllerException] Controller class Cakephp3 could not be found.
Exception Attributes: array (
  'class' => 'Cakephp3',
  'plugin' => NULL,
  'prefix' => NULL,
  '_ext' => NULL,
)
Request URL: /cakephp3/cakephp3/css/cake.css
Stack Trace:
#0 C:\Users\lin\Desktop\phpdesktop-chrome-31.8-php-5.6.1\phpdesktop-chrome-31.8-php-5.6.1\www\cakephp3\webroot\index.php(37): Cake\Routing\Dispatcher->dispatch(Object(Cake\Network\Request), Object(Cake\Network\Response))
#1 {main}


2015-11-06 02:47:27 Error: [Cake\Routing\Exception\MissingControllerException] Controller class Cakephp3 could not be found.
Exception Attributes: array (
  'class' => 'Cakephp3',
  'plugin' => NULL,
  'prefix' => NULL,
  '_ext' => NULL,
)
Request URL: /cakephp3/cakephp3/debug_kit/js/toolbar.js
Stack Trace:
#0 C:\Users\lin\Desktop\phpdesktop-chrome-31.8-php-5.6.1\phpdesktop-chrome-31.8-php-5.6.1\www\cakephp3\webroot\index.php(37): Cake\Routing\Dispatcher->dispatch(Object(Cake\Network\Request), Object(Cake\Network\Response))
#1 {main}


2015-11-06 02:47:28 Error: [Cake\Routing\Exception\MissingControllerException] Controller class Cakephp3 could not be found.
Exception Attributes: array (
  'class' => 'Cakephp3',
  'plugin' => NULL,
  'prefix' => NULL,
  '_ext' => NULL,
)
Request URL: /cakephp3/cakephp3/css/base.css
Stack Trace:
#0 C:\Users\lin\Desktop\phpdesktop-chrome-31.8-php-5.6.1\phpdesktop-chrome-31.8-php-5.6.1\www\cakephp3\webroot\index.php(37): Cake\Routing\Dispatcher->dispatch(Object(Cake\Network\Request), Object(Cake\Network\Response))
#1 {main}


2015-11-09 00:38:19 Error: Fatal Error (1): Maximum execution time of 30 seconds exceeded in [C:\Users\lin\Desktop\phpdesktop-chrome-31.8-php-5.6.1\phpdesktop-chrome-31.8-php-5.6.1\www\cakephp3\vendor\cakephp\cakephp\src\Database\Type\BoolType.php, line 28]
Trace:
Cake\Error\BaseErrorHandler::handleFatalError() - CORE\src\Error\BaseErrorHandler.php, line 191
Cake\Error\BaseErrorHandler::Cake\Error\{closure}() - CORE\src\Error\BaseErrorHandler.php, line 90
[main] - [internal], line ??



2015-11-09 00:38:21 Error: [Cake\Error\FatalErrorException] Maximum execution time of 30 seconds exceeded
Request URL: /cakephp3/
Stack Trace:
#0 C:\Users\lin\Desktop\phpdesktop-chrome-31.8-php-5.6.1\phpdesktop-chrome-31.8-php-5.6.1\www\cakephp3\vendor\cakephp\cakephp\src\Error\BaseErrorHandler.php(90): Cake\Error\BaseErrorHandler->handleFatalError(1, 'Maximum executi...', 'C:\\Users\\lin\\De...', 28)
#1 [internal function]: Cake\Error\BaseErrorHandler->Cake\Error\{closure}()
#2 {main}


2015-11-11 08:25:22 Error: [Cake\Datasource\Exception\RecordNotFoundException] Record not found in table "requests"
Request URL: /index.php/debug_kit/toolbar/debug_kit/img/debug_kit/toolbar/debug_kit/img/cake.icon.png
Stack Trace:
#0 C:\Users\lin\Desktop\phpdesktop-chrome-31.8-php-5.6.1\phpdesktop-chrome-31.8-php-5.6.1\www\cakephp3\vendor\cakephp\cakephp\src\ORM\Table.php(1187): Cake\ORM\Query->firstOrFail()
#1 C:\Users\lin\Desktop\phpdesktop-chrome-31.8-php-5.6.1\phpdesktop-chrome-31.8-php-5.6.1\www\cakephp3\vendor\cakephp\debug_kit\src\Controller\RequestsController.php(62): Cake\ORM\Table->get('debug_kit', Array)
#2 [internal function]: DebugKit\Controller\RequestsController->view('debug_kit', 'img', 'cake.icon.png')
#3 C:\Users\lin\Desktop\phpdesktop-chrome-31.8-php-5.6.1\phpdesktop-chrome-31.8-php-5.6.1\www\cakephp3\vendor\cakephp\cakephp\src\Controller\Controller.php(429): call_user_func_array(Array, Array)
#4 C:\Users\lin\Desktop\phpdesktop-chrome-31.8-php-5.6.1\phpdesktop-chrome-31.8-php-5.6.1\www\cakephp3\vendor\cakephp\cakephp\src\Routing\Dispatcher.php(114): Cake\Controller\Controller->invokeAction()
#5 C:\Users\lin\Desktop\phpdesktop-chrome-31.8-php-5.6.1\phpdesktop-chrome-31.8-php-5.6.1\www\cakephp3\vendor\cakephp\cakephp\src\Routing\Dispatcher.php(87): Cake\Routing\Dispatcher->_invoke(Object(DebugKit\Controller\RequestsController))
#6 C:\Users\lin\Desktop\phpdesktop-chrome-31.8-php-5.6.1\phpdesktop-chrome-31.8-php-5.6.1\www\cakephp3\webroot\index.php(37): Cake\Routing\Dispatcher->dispatch(Object(Cake\Network\Request), Object(Cake\Network\Response))
#7 {main}


2015-11-11 08:28:32 Error: [Cake\Datasource\Exception\RecordNotFoundException] Record not found in table "requests"
Request URL: /index.php/debug_kit/toolbar/debug_kit/img/debug_kit/toolbar/debug_kit/img/cake.icon.png
Stack Trace:
#0 C:\Users\lin\Desktop\phpdesktop-chrome-31.8-php-5.6.1\phpdesktop-chrome-31.8-php-5.6.1\www\cakephp3\vendor\cakephp\cakephp\src\ORM\Table.php(1187): Cake\ORM\Query->firstOrFail()
#1 C:\Users\lin\Desktop\phpdesktop-chrome-31.8-php-5.6.1\phpdesktop-chrome-31.8-php-5.6.1\www\cakephp3\vendor\cakephp\debug_kit\src\Controller\RequestsController.php(62): Cake\ORM\Table->get('debug_kit', Array)
#2 [internal function]: DebugKit\Controller\RequestsController->view('debug_kit', 'img', 'cake.icon.png')
#3 C:\Users\lin\Desktop\phpdesktop-chrome-31.8-php-5.6.1\phpdesktop-chrome-31.8-php-5.6.1\www\cakephp3\vendor\cakephp\cakephp\src\Controller\Controller.php(429): call_user_func_array(Array, Array)
#4 C:\Users\lin\Desktop\phpdesktop-chrome-31.8-php-5.6.1\phpdesktop-chrome-31.8-php-5.6.1\www\cakephp3\vendor\cakephp\cakephp\src\Routing\Dispatcher.php(114): Cake\Controller\Controller->invokeAction()
#5 C:\Users\lin\Desktop\phpdesktop-chrome-31.8-php-5.6.1\phpdesktop-chrome-31.8-php-5.6.1\www\cakephp3\vendor\cakephp\cakephp\src\Routing\Dispatcher.php(87): Cake\Routing\Dispatcher->_invoke(Object(DebugKit\Controller\RequestsController))
#6 C:\Users\lin\Desktop\phpdesktop-chrome-31.8-php-5.6.1\phpdesktop-chrome-31.8-php-5.6.1\www\cakephp3\webroot\index.php(37): Cake\Routing\Dispatcher->dispatch(Object(Cake\Network\Request), Object(Cake\Network\Response))
#7 {main}


2015-11-11 08:29:13 Error: [Cake\Datasource\Exception\RecordNotFoundException] Record not found in table "requests"
Request URL: /index.php/debug_kit/toolbar/debug_kit/js/debug_kit/toolbar/debug_kit/js/jquery.js
Stack Trace:
#0 C:\Users\lin\Desktop\phpdesktop-chrome-31.8-php-5.6.1\phpdesktop-chrome-31.8-php-5.6.1\www\cakephp3\vendor\cakephp\cakephp\src\ORM\Table.php(1187): Cake\ORM\Query->firstOrFail()
#1 C:\Users\lin\Desktop\phpdesktop-chrome-31.8-php-5.6.1\phpdesktop-chrome-31.8-php-5.6.1\www\cakephp3\vendor\cakephp\debug_kit\src\Controller\RequestsController.php(62): Cake\ORM\Table->get('debug_kit', Array)
#2 [internal function]: DebugKit\Controller\RequestsController->view('debug_kit', 'js', 'jquery.js')
#3 C:\Users\lin\Desktop\phpdesktop-chrome-31.8-php-5.6.1\phpdesktop-chrome-31.8-php-5.6.1\www\cakephp3\vendor\cakephp\cakephp\src\Controller\Controller.php(429): call_user_func_array(Array, Array)
#4 C:\Users\lin\Desktop\phpdesktop-chrome-31.8-php-5.6.1\phpdesktop-chrome-31.8-php-5.6.1\www\cakephp3\vendor\cakephp\cakephp\src\Routing\Dispatcher.php(114): Cake\Controller\Controller->invokeAction()
#5 C:\Users\lin\Desktop\phpdesktop-chrome-31.8-php-5.6.1\phpdesktop-chrome-31.8-php-5.6.1\www\cakephp3\vendor\cakephp\cakephp\src\Routing\Dispatcher.php(87): Cake\Routing\Dispatcher->_invoke(Object(DebugKit\Controller\RequestsController))
#6 C:\Users\lin\Desktop\phpdesktop-chrome-31.8-php-5.6.1\phpdesktop-chrome-31.8-php-5.6.1\www\cakephp3\webroot\index.php(37): Cake\Routing\Dispatcher->dispatch(Object(Cake\Network\Request), Object(Cake\Network\Response))
#7 {main}


2015-11-11 08:29:13 Error: [Cake\Datasource\Exception\RecordNotFoundException] Record not found in table "requests"
Request URL: /index.php/debug_kit/toolbar/debug_kit/img/debug_kit/toolbar/debug_kit/img/cake.icon.png
Stack Trace:
#0 C:\Users\lin\Desktop\phpdesktop-chrome-31.8-php-5.6.1\phpdesktop-chrome-31.8-php-5.6.1\www\cakephp3\vendor\cakephp\cakephp\src\ORM\Table.php(1187): Cake\ORM\Query->firstOrFail()
#1 C:\Users\lin\Desktop\phpdesktop-chrome-31.8-php-5.6.1\phpdesktop-chrome-31.8-php-5.6.1\www\cakephp3\vendor\cakephp\debug_kit\src\Controller\RequestsController.php(62): Cake\ORM\Table->get('debug_kit', Array)
#2 [internal function]: DebugKit\Controller\RequestsController->view('debug_kit', 'img', 'cake.icon.png')
#3 C:\Users\lin\Desktop\phpdesktop-chrome-31.8-php-5.6.1\phpdesktop-chrome-31.8-php-5.6.1\www\cakephp3\vendor\cakephp\cakephp\src\Controller\Controller.php(429): call_user_func_array(Array, Array)
#4 C:\Users\lin\Desktop\phpdesktop-chrome-31.8-php-5.6.1\phpdesktop-chrome-31.8-php-5.6.1\www\cakephp3\vendor\cakephp\cakephp\src\Routing\Dispatcher.php(114): Cake\Controller\Controller->invokeAction()
#5 C:\Users\lin\Desktop\phpdesktop-chrome-31.8-php-5.6.1\phpdesktop-chrome-31.8-php-5.6.1\www\cakephp3\vendor\cakephp\cakephp\src\Routing\Dispatcher.php(87): Cake\Routing\Dispatcher->_invoke(Object(DebugKit\Controller\RequestsController))
#6 C:\Users\lin\Desktop\phpdesktop-chrome-31.8-php-5.6.1\phpdesktop-chrome-31.8-php-5.6.1\www\cakephp3\webroot\index.php(37): Cake\Routing\Dispatcher->dispatch(Object(Cake\Network\Request), Object(Cake\Network\Response))
#7 {main}


2015-11-11 08:29:13 Error: [Cake\Datasource\Exception\RecordNotFoundException] Record not found in table "requests"
Request URL: /index.php/debug_kit/toolbar/debug_kit/css/debug_kit/toolbar/debug_kit/css/reset.css
Stack Trace:
#0 C:\Users\lin\Desktop\phpdesktop-chrome-31.8-php-5.6.1\phpdesktop-chrome-31.8-php-5.6.1\www\cakephp3\vendor\cakephp\cakephp\src\ORM\Table.php(1187): Cake\ORM\Query->firstOrFail()
#1 C:\Users\lin\Desktop\phpdesktop-chrome-31.8-php-5.6.1\phpdesktop-chrome-31.8-php-5.6.1\www\cakephp3\vendor\cakephp\debug_kit\src\Controller\RequestsController.php(62): Cake\ORM\Table->get('debug_kit', Array)
#2 [internal function]: DebugKit\Controller\RequestsController->view('debug_kit', 'css', 'reset.css')
#3 C:\Users\lin\Desktop\phpdesktop-chrome-31.8-php-5.6.1\phpdesktop-chrome-31.8-php-5.6.1\www\cakephp3\vendor\cakephp\cakephp\src\Controller\Controller.php(429): call_user_func_array(Array, Array)
#4 C:\Users\lin\Desktop\phpdesktop-chrome-31.8-php-5.6.1\phpdesktop-chrome-31.8-php-5.6.1\www\cakephp3\vendor\cakephp\cakephp\src\Routing\Dispatcher.php(114): Cake\Controller\Controller->invokeAction()
#5 C:\Users\lin\Desktop\phpdesktop-chrome-31.8-php-5.6.1\phpdesktop-chrome-31.8-php-5.6.1\www\cakephp3\vendor\cakephp\cakephp\src\Routing\Dispatcher.php(87): Cake\Routing\Dispatcher->_invoke(Object(DebugKit\Controller\RequestsController))
#6 C:\Users\lin\Desktop\phpdesktop-chrome-31.8-php-5.6.1\phpdesktop-chrome-31.8-php-5.6.1\www\cakephp3\webroot\index.php(37): Cake\Routing\Dispatcher->dispatch(Object(Cake\Network\Request), Object(Cake\Network\Response))
#7 {main}


2015-11-11 08:29:14 Error: [Cake\Datasource\Exception\RecordNotFoundException] Record not found in table "requests"
Request URL: /index.php/debug_kit/toolbar/debug_kit/css/debug_kit/toolbar/debug_kit/css/toolbar.css
Stack Trace:
#0 C:\Users\lin\Desktop\phpdesktop-chrome-31.8-php-5.6.1\phpdesktop-chrome-31.8-php-5.6.1\www\cakephp3\vendor\cakephp\cakephp\src\ORM\Table.php(1187): Cake\ORM\Query->firstOrFail()
#1 C:\Users\lin\Desktop\phpdesktop-chrome-31.8-php-5.6.1\phpdesktop-chrome-31.8-php-5.6.1\www\cakephp3\vendor\cakephp\debug_kit\src\Controller\RequestsController.php(62): Cake\ORM\Table->get('debug_kit', Array)
#2 [internal function]: DebugKit\Controller\RequestsController->view('debug_kit', 'css', 'toolbar.css')
#3 C:\Users\lin\Desktop\phpdesktop-chrome-31.8-php-5.6.1\phpdesktop-chrome-31.8-php-5.6.1\www\cakephp3\vendor\cakephp\cakephp\src\Controller\Controller.php(429): call_user_func_array(Array, Array)
#4 C:\Users\lin\Desktop\phpdesktop-chrome-31.8-php-5.6.1\phpdesktop-chrome-31.8-php-5.6.1\www\cakephp3\vendor\cakephp\cakephp\src\Routing\Dispatcher.php(114): Cake\Controller\Controller->invokeAction()
#5 C:\Users\lin\Desktop\phpdesktop-chrome-31.8-php-5.6.1\phpdesktop-chrome-31.8-php-5.6.1\www\cakephp3\vendor\cakephp\cakephp\src\Routing\Dispatcher.php(87): Cake\Routing\Dispatcher->_invoke(Object(DebugKit\Controller\RequestsController))
#6 C:\Users\lin\Desktop\phpdesktop-chrome-31.8-php-5.6.1\phpdesktop-chrome-31.8-php-5.6.1\www\cakephp3\webroot\index.php(37): Cake\Routing\Dispatcher->dispatch(Object(Cake\Network\Request), Object(Cake\Network\Response))
#7 {main}


2015-11-11 08:33:11 Error: [Cake\Datasource\Exception\RecordNotFoundException] Record not found in table "requests"
Request URL: /index.php/debug_kit/toolbar/debug_kit/js/debug_kit/toolbar/debug_kit/js/toolbar-app.js
Stack Trace:
#0 C:\Users\lin\Desktop\phpdesktop-chrome-31.8-php-5.6.1\phpdesktop-chrome-31.8-php-5.6.1\www\cakephp3\vendor\cakephp\cakephp\src\ORM\Table.php(1187): Cake\ORM\Query->firstOrFail()
#1 C:\Users\lin\Desktop\phpdesktop-chrome-31.8-php-5.6.1\phpdesktop-chrome-31.8-php-5.6.1\www\cakephp3\vendor\cakephp\debug_kit\src\Controller\RequestsController.php(62): Cake\ORM\Table->get('debug_kit', Array)
#2 [internal function]: DebugKit\Controller\RequestsController->view('debug_kit', 'js', 'toolbar-app.js')
#3 C:\Users\lin\Desktop\phpdesktop-chrome-31.8-php-5.6.1\phpdesktop-chrome-31.8-php-5.6.1\www\cakephp3\vendor\cakephp\cakephp\src\Controller\Controller.php(429): call_user_func_array(Array, Array)
#4 C:\Users\lin\Desktop\phpdesktop-chrome-31.8-php-5.6.1\phpdesktop-chrome-31.8-php-5.6.1\www\cakephp3\vendor\cakephp\cakephp\src\Routing\Dispatcher.php(114): Cake\Controller\Controller->invokeAction()
#5 C:\Users\lin\Desktop\phpdesktop-chrome-31.8-php-5.6.1\phpdesktop-chrome-31.8-php-5.6.1\www\cakephp3\vendor\cakephp\cakephp\src\Routing\Dispatcher.php(87): Cake\Routing\Dispatcher->_invoke(Object(DebugKit\Controller\RequestsController))
#6 C:\Users\lin\Desktop\phpdesktop-chrome-31.8-php-5.6.1\phpdesktop-chrome-31.8-php-5.6.1\www\cakephp3\webroot\index.php(37): Cake\Routing\Dispatcher->dispatch(Object(Cake\Network\Request), Object(Cake\Network\Response))
#7 {main}


2015-11-11 08:33:11 Error: [Cake\Datasource\Exception\RecordNotFoundException] Record not found in table "requests"
Request URL: /index.php/debug_kit/toolbar/debug_kit/img/debug_kit/toolbar/debug_kit/img/cake.icon.png
Stack Trace:
#0 C:\Users\lin\Desktop\phpdesktop-chrome-31.8-php-5.6.1\phpdesktop-chrome-31.8-php-5.6.1\www\cakephp3\vendor\cakephp\cakephp\src\ORM\Table.php(1187): Cake\ORM\Query->firstOrFail()
#1 C:\Users\lin\Desktop\phpdesktop-chrome-31.8-php-5.6.1\phpdesktop-chrome-31.8-php-5.6.1\www\cakephp3\vendor\cakephp\debug_kit\src\Controller\RequestsController.php(62): Cake\ORM\Table->get('debug_kit', Array)
#2 [internal function]: DebugKit\Controller\RequestsController->view('debug_kit', 'img', 'cake.icon.png')
#3 C:\Users\lin\Desktop\phpdesktop-chrome-31.8-php-5.6.1\phpdesktop-chrome-31.8-php-5.6.1\www\cakephp3\vendor\cakephp\cakephp\src\Controller\Controller.php(429): call_user_func_array(Array, Array)
#4 C:\Users\lin\Desktop\phpdesktop-chrome-31.8-php-5.6.1\phpdesktop-chrome-31.8-php-5.6.1\www\cakephp3\vendor\cakephp\cakephp\src\Routing\Dispatcher.php(114): Cake\Controller\Controller->invokeAction()
#5 C:\Users\lin\Desktop\phpdesktop-chrome-31.8-php-5.6.1\phpdesktop-chrome-31.8-php-5.6.1\www\cakephp3\vendor\cakephp\cakephp\src\Routing\Dispatcher.php(87): Cake\Routing\Dispatcher->_invoke(Object(DebugKit\Controller\RequestsController))
#6 C:\Users\lin\Desktop\phpdesktop-chrome-31.8-php-5.6.1\phpdesktop-chrome-31.8-php-5.6.1\www\cakephp3\webroot\index.php(37): Cake\Routing\Dispatcher->dispatch(Object(Cake\Network\Request), Object(Cake\Network\Response))
#7 {main}


2015-11-11 08:33:12 Error: [Cake\Datasource\Exception\RecordNotFoundException] Record not found in table "requests"
Request URL: /index.php/debug_kit/toolbar/debug_kit/css/debug_kit/toolbar/debug_kit/css/reset.css
Stack Trace:
#0 C:\Users\lin\Desktop\phpdesktop-chrome-31.8-php-5.6.1\phpdesktop-chrome-31.8-php-5.6.1\www\cakephp3\vendor\cakephp\cakephp\src\ORM\Table.php(1187): Cake\ORM\Query->firstOrFail()
#1 C:\Users\lin\Desktop\phpdesktop-chrome-31.8-php-5.6.1\phpdesktop-chrome-31.8-php-5.6.1\www\cakephp3\vendor\cakephp\debug_kit\src\Controller\RequestsController.php(62): Cake\ORM\Table->get('debug_kit', Array)
#2 [internal function]: DebugKit\Controller\RequestsController->view('debug_kit', 'css', 'reset.css')
#3 C:\Users\lin\Desktop\phpdesktop-chrome-31.8-php-5.6.1\phpdesktop-chrome-31.8-php-5.6.1\www\cakephp3\vendor\cakephp\cakephp\src\Controller\Controller.php(429): call_user_func_array(Array, Array)
#4 C:\Users\lin\Desktop\phpdesktop-chrome-31.8-php-5.6.1\phpdesktop-chrome-31.8-php-5.6.1\www\cakephp3\vendor\cakephp\cakephp\src\Routing\Dispatcher.php(114): Cake\Controller\Controller->invokeAction()
#5 C:\Users\lin\Desktop\phpdesktop-chrome-31.8-php-5.6.1\phpdesktop-chrome-31.8-php-5.6.1\www\cakephp3\vendor\cakephp\cakephp\src\Routing\Dispatcher.php(87): Cake\Routing\Dispatcher->_invoke(Object(DebugKit\Controller\RequestsController))
#6 C:\Users\lin\Desktop\phpdesktop-chrome-31.8-php-5.6.1\phpdesktop-chrome-31.8-php-5.6.1\www\cakephp3\webroot\index.php(37): Cake\Routing\Dispatcher->dispatch(Object(Cake\Network\Request), Object(Cake\Network\Response))
#7 {main}


2015-11-11 08:33:12 Error: [Cake\Datasource\Exception\RecordNotFoundException] Record not found in table "requests"
Request URL: /index.php/debug_kit/toolbar/debug_kit/css/debug_kit/toolbar/debug_kit/css/toolbar.css
Stack Trace:
#0 C:\Users\lin\Desktop\phpdesktop-chrome-31.8-php-5.6.1\phpdesktop-chrome-31.8-php-5.6.1\www\cakephp3\vendor\cakephp\cakephp\src\ORM\Table.php(1187): Cake\ORM\Query->firstOrFail()
#1 C:\Users\lin\Desktop\phpdesktop-chrome-31.8-php-5.6.1\phpdesktop-chrome-31.8-php-5.6.1\www\cakephp3\vendor\cakephp\debug_kit\src\Controller\RequestsController.php(62): Cake\ORM\Table->get('debug_kit', Array)
#2 [internal function]: DebugKit\Controller\RequestsController->view('debug_kit', 'css', 'toolbar.css')
#3 C:\Users\lin\Desktop\phpdesktop-chrome-31.8-php-5.6.1\phpdesktop-chrome-31.8-php-5.6.1\www\cakephp3\vendor\cakephp\cakephp\src\Controller\Controller.php(429): call_user_func_array(Array, Array)
#4 C:\Users\lin\Desktop\phpdesktop-chrome-31.8-php-5.6.1\phpdesktop-chrome-31.8-php-5.6.1\www\cakephp3\vendor\cakephp\cakephp\src\Routing\Dispatcher.php(114): Cake\Controller\Controller->invokeAction()
#5 C:\Users\lin\Desktop\phpdesktop-chrome-31.8-php-5.6.1\phpdesktop-chrome-31.8-php-5.6.1\www\cakephp3\vendor\cakephp\cakephp\src\Routing\Dispatcher.php(87): Cake\Routing\Dispatcher->_invoke(Object(DebugKit\Controller\RequestsController))
#6 C:\Users\lin\Desktop\phpdesktop-chrome-31.8-php-5.6.1\phpdesktop-chrome-31.8-php-5.6.1\www\cakephp3\webroot\index.php(37): Cake\Routing\Dispatcher->dispatch(Object(Cake\Network\Request), Object(Cake\Network\Response))
#7 {main}


2015-11-11 08:36:23 Error: [Cake\Datasource\Exception\RecordNotFoundException] Record not found in table "requests"
Request URL: /index.php/debug_kit/toolbar/debug_kit/js/debug_kit/toolbar/debug_kit/js/debug_kit.js
Stack Trace:
#0 C:\Users\lin\Desktop\phpdesktop-chrome-31.8-php-5.6.1\phpdesktop-chrome-31.8-php-5.6.1\www\cakephp3\vendor\cakephp\cakephp\src\ORM\Table.php(1187): Cake\ORM\Query->firstOrFail()
#1 C:\Users\lin\Desktop\phpdesktop-chrome-31.8-php-5.6.1\phpdesktop-chrome-31.8-php-5.6.1\www\cakephp3\vendor\cakephp\debug_kit\src\Controller\RequestsController.php(62): Cake\ORM\Table->get('debug_kit', Array)
#2 [internal function]: DebugKit\Controller\RequestsController->view('debug_kit', 'js', 'debug_kit.js')
#3 C:\Users\lin\Desktop\phpdesktop-chrome-31.8-php-5.6.1\phpdesktop-chrome-31.8-php-5.6.1\www\cakephp3\vendor\cakephp\cakephp\src\Controller\Controller.php(429): call_user_func_array(Array, Array)
#4 C:\Users\lin\Desktop\phpdesktop-chrome-31.8-php-5.6.1\phpdesktop-chrome-31.8-php-5.6.1\www\cakephp3\vendor\cakephp\cakephp\src\Routing\Dispatcher.php(114): Cake\Controller\Controller->invokeAction()
#5 C:\Users\lin\Desktop\phpdesktop-chrome-31.8-php-5.6.1\phpdesktop-chrome-31.8-php-5.6.1\www\cakephp3\vendor\cakephp\cakephp\src\Routing\Dispatcher.php(87): Cake\Routing\Dispatcher->_invoke(Object(DebugKit\Controller\RequestsController))
#6 C:\Users\lin\Desktop\phpdesktop-chrome-31.8-php-5.6.1\phpdesktop-chrome-31.8-php-5.6.1\www\cakephp3\webroot\index.php(37): Cake\Routing\Dispatcher->dispatch(Object(Cake\Network\Request), Object(Cake\Network\Response))
#7 {main}



2015-11-11 08:36:24 Error: [Cake\Datasource\Exception\RecordNotFoundException] Record not found in table "requests"
Request URL: /index.php/debug_kit/toolbar/debug_kit/img/debug_kit/toolbar/debug_kit/img/cake.icon.png
Stack Trace:
#0 C:\Users\lin\Desktop\phpdesktop-chrome-31.8-php-5.6.1\phpdesktop-chrome-31.8-php-5.6.1\www\cakephp3\vendor\cakephp\cakephp\src\ORM\Table.php(1187): Cake\ORM\Query->firstOrFail()
#1 C:\Users\lin\Desktop\phpdesktop-chrome-31.8-php-5.6.1\phpdesktop-chrome-31.8-php-5.6.1\www\cakephp3\vendor\cakephp\debug_kit\src\Controller\RequestsController.php(62): Cake\ORM\Table->get('debug_kit', Array)
#2 [internal function]: DebugKit\Controller\RequestsController->view('debug_kit', 'img', 'cake.icon.png')
#3 C:\Users\lin\Desktop\phpdesktop-chrome-31.8-php-5.6.1\phpdesktop-chrome-31.8-php-5.6.1\www\cakephp3\vendor\cakephp\cakephp\src\Controller\Controller.php(429): call_user_func_array(Array, Array)
#4 C:\Users\lin\Desktop\phpdesktop-chrome-31.8-php-5.6.1\phpdesktop-chrome-31.8-php-5.6.1\www\cakephp3\vendor\cakephp\cakephp\src\Routing\Dispatcher.php(114): Cake\Controller\Controller->invokeAction()
#5 C:\Users\lin\Desktop\phpdesktop-chrome-31.8-php-5.6.1\phpdesktop-chrome-31.8-php-5.6.1\www\cakephp3\vendor\cakephp\cakephp\src\Routing\Dispatcher.php(87): Cake\Routing\Dispatcher->_invoke(Object(DebugKit\Controller\RequestsController))
#6 C:\Users\lin\Desktop\phpdesktop-chrome-31.8-php-5.6.1\phpdesktop-chrome-31.8-php-5.6.1\www\cakephp3\webroot\index.php(37): Cake\Routing\Dispatcher->dispatch(Object(Cake\Network\Request), Object(Cake\Network\Response))
#7 {main}


2015-11-11 08:36:24 Error: [Cake\Datasource\Exception\RecordNotFoundException] Record not found in table "requests"
Request URL: /index.php/debug_kit/toolbar/debug_kit/js/debug_kit/toolbar/debug_kit/js/toolbar-app.js
Stack Trace:
#0 C:\Users\lin\Desktop\phpdesktop-chrome-31.8-php-5.6.1\phpdesktop-chrome-31.8-php-5.6.1\www\cakephp3\vendor\cakephp\cakephp\src\ORM\Table.php(1187): Cake\ORM\Query->firstOrFail()
#1 C:\Users\lin\Desktop\phpdesktop-chrome-31.8-php-5.6.1\phpdesktop-chrome-31.8-php-5.6.1\www\cakephp3\vendor\cakephp\debug_kit\src\Controller\RequestsController.php(62): Cake\ORM\Table->get('debug_kit', Array)
#2 [internal function]: DebugKit\Controller\RequestsController->view('debug_kit', 'js', 'toolbar-app.js')
#3 C:\Users\lin\Desktop\phpdesktop-chrome-31.8-php-5.6.1\phpdesktop-chrome-31.8-php-5.6.1\www\cakephp3\vendor\cakephp\cakephp\src\Controller\Controller.php(429): call_user_func_array(Array, Array)
#4 C:\Users\lin\Desktop\phpdesktop-chrome-31.8-php-5.6.1\phpdesktop-chrome-31.8-php-5.6.1\www\cakephp3\vendor\cakephp\cakephp\src\Routing\Dispatcher.php(114): Cake\Controller\Controller->invokeAction()
#5 C:\Users\lin\Desktop\phpdesktop-chrome-31.8-php-5.6.1\phpdesktop-chrome-31.8-php-5.6.1\www\cakephp3\vendor\cakephp\cakephp\src\Routing\Dispatcher.php(87): Cake\Routing\Dispatcher->_invoke(Object(DebugKit\Controller\RequestsController))
#6 C:\Users\lin\Desktop\phpdesktop-chrome-31.8-php-5.6.1\phpdesktop-chrome-31.8-php-5.6.1\www\cakephp3\webroot\index.php(37): Cake\Routing\Dispatcher->dispatch(Object(Cake\Network\Request), Object(Cake\Network\Response))
#7 {main}


2015-11-11 08:39:27 Error: [Cake\Datasource\Exception\RecordNotFoundException] Record not found in table "requests"
Request URL: /index.php/debug_kit/toolbar/debug_kit/img/debug_kit/toolbar/debug_kit/img/cake.icon.png
Stack Trace:
#0 C:\Users\lin\Desktop\phpdesktop-chrome-31.8-php-5.6.1\phpdesktop-chrome-31.8-php-5.6.1\www\cakephp3\vendor\cakephp\cakephp\src\ORM\Table.php(1187): Cake\ORM\Query->firstOrFail()
#1 C:\Users\lin\Desktop\phpdesktop-chrome-31.8-php-5.6.1\phpdesktop-chrome-31.8-php-5.6.1\www\cakephp3\vendor\cakephp\debug_kit\src\Controller\RequestsController.php(62): Cake\ORM\Table->get('debug_kit', Array)
#2 [internal function]: DebugKit\Controller\RequestsController->view('debug_kit', 'img', 'cake.icon.png')
#3 C:\Users\lin\Desktop\phpdesktop-chrome-31.8-php-5.6.1\phpdesktop-chrome-31.8-php-5.6.1\www\cakephp3\vendor\cakephp\cakephp\src\Controller\Controller.php(429): call_user_func_array(Array, Array)
#4 C:\Users\lin\Desktop\phpdesktop-chrome-31.8-php-5.6.1\phpdesktop-chrome-31.8-php-5.6.1\www\cakephp3\vendor\cakephp\cakephp\src\Routing\Dispatcher.php(114): Cake\Controller\Controller->invokeAction()
#5 C:\Users\lin\Desktop\phpdesktop-chrome-31.8-php-5.6.1\phpdesktop-chrome-31.8-php-5.6.1\www\cakephp3\vendor\cakephp\cakephp\src\Routing\Dispatcher.php(87): Cake\Routing\Dispatcher->_invoke(Object(DebugKit\Controller\RequestsController))
#6 C:\Users\lin\Desktop\phpdesktop-chrome-31.8-php-5.6.1\phpdesktop-chrome-31.8-php-5.6.1\www\cakephp3\webroot\index.php(37): Cake\Routing\Dispatcher->dispatch(Object(Cake\Network\Request), Object(Cake\Network\Response))
#7 {main}


2015-11-11 08:39:28 Error: [Cake\Datasource\Exception\RecordNotFoundException] Record not found in table "requests"
Request URL: /index.php/debug_kit/toolbar/debug_kit/css/debug_kit/toolbar/debug_kit/css/toolbar.css
Stack Trace:
#0 C:\Users\lin\Desktop\phpdesktop-chrome-31.8-php-5.6.1\phpdesktop-chrome-31.8-php-5.6.1\www\cakephp3\vendor\cakephp\cakephp\src\ORM\Table.php(1187): Cake\ORM\Query->firstOrFail()
#1 C:\Users\lin\Desktop\phpdesktop-chrome-31.8-php-5.6.1\phpdesktop-chrome-31.8-php-5.6.1\www\cakephp3\vendor\cakephp\debug_kit\src\Controller\RequestsController.php(62): Cake\ORM\Table->get('debug_kit', Array)
#2 [internal function]: DebugKit\Controller\RequestsController->view('debug_kit', 'css', 'toolbar.css')
#3 C:\Users\lin\Desktop\phpdesktop-chrome-31.8-php-5.6.1\phpdesktop-chrome-31.8-php-5.6.1\www\cakephp3\vendor\cakephp\cakephp\src\Controller\Controller.php(429): call_user_func_array(Array, Array)
#4 C:\Users\lin\Desktop\phpdesktop-chrome-31.8-php-5.6.1\phpdesktop-chrome-31.8-php-5.6.1\www\cakephp3\vendor\cakephp\cakephp\src\Routing\Dispatcher.php(114): Cake\Controller\Controller->invokeAction()
#5 C:\Users\lin\Desktop\phpdesktop-chrome-31.8-php-5.6.1\phpdesktop-chrome-31.8-php-5.6.1\www\cakephp3\vendor\cakephp\cakephp\src\Routing\Dispatcher.php(87): Cake\Routing\Dispatcher->_invoke(Object(DebugKit\Controller\RequestsController))
#6 C:\Users\lin\Desktop\phpdesktop-chrome-31.8-php-5.6.1\phpdesktop-chrome-31.8-php-5.6.1\www\cakephp3\webroot\index.php(37): Cake\Routing\Dispatcher->dispatch(Object(Cake\Network\Request), Object(Cake\Network\Response))
#7 {main}


2015-11-11 08:39:28 Error: [Cake\Datasource\Exception\RecordNotFoundException] Record not found in table "requests"
Request URL: /index.php/debug_kit/toolbar/debug_kit/css/debug_kit/toolbar/debug_kit/css/reset.css
Stack Trace:
#0 C:\Users\lin\Desktop\phpdesktop-chrome-31.8-php-5.6.1\phpdesktop-chrome-31.8-php-5.6.1\www\cakephp3\vendor\cakephp\cakephp\src\ORM\Table.php(1187): Cake\ORM\Query->firstOrFail()
#1 C:\Users\lin\Desktop\phpdesktop-chrome-31.8-php-5.6.1\phpdesktop-chrome-31.8-php-5.6.1\www\cakephp3\vendor\cakephp\debug_kit\src\Controller\RequestsController.php(62): Cake\ORM\Table->get('debug_kit', Array)
#2 [internal function]: DebugKit\Controller\RequestsController->view('debug_kit', 'css', 'reset.css')
#3 C:\Users\lin\Desktop\phpdesktop-chrome-31.8-php-5.6.1\phpdesktop-chrome-31.8-php-5.6.1\www\cakephp3\vendor\cakephp\cakephp\src\Controller\Controller.php(429): call_user_func_array(Array, Array)
#4 C:\Users\lin\Desktop\phpdesktop-chrome-31.8-php-5.6.1\phpdesktop-chrome-31.8-php-5.6.1\www\cakephp3\vendor\cakephp\cakephp\src\Routing\Dispatcher.php(114): Cake\Controller\Controller->invokeAction()
#5 C:\Users\lin\Desktop\phpdesktop-chrome-31.8-php-5.6.1\phpdesktop-chrome-31.8-php-5.6.1\www\cakephp3\vendor\cakephp\cakephp\src\Routing\Dispatcher.php(87): Cake\Routing\Dispatcher->_invoke(Object(DebugKit\Controller\RequestsController))
#6 C:\Users\lin\Desktop\phpdesktop-chrome-31.8-php-5.6.1\phpdesktop-chrome-31.8-php-5.6.1\www\cakephp3\webroot\index.php(37): Cake\Routing\Dispatcher->dispatch(Object(Cake\Network\Request), Object(Cake\Network\Response))
#7 {main}


2015-11-11 08:39:28 Error: [Cake\Datasource\Exception\RecordNotFoundException] Record not found in table "requests"
Request URL: /index.php/debug_kit/toolbar/debug_kit/js/debug_kit/toolbar/debug_kit/js/jquery.js
Stack Trace:
#0 C:\Users\lin\Desktop\phpdesktop-chrome-31.8-php-5.6.1\phpdesktop-chrome-31.8-php-5.6.1\www\cakephp3\vendor\cakephp\cakephp\src\ORM\Table.php(1187): Cake\ORM\Query->firstOrFail()
#1 C:\Users\lin\Desktop\phpdesktop-chrome-31.8-php-5.6.1\phpdesktop-chrome-31.8-php-5.6.1\www\cakephp3\vendor\cakephp\debug_kit\src\Controller\RequestsController.php(62): Cake\ORM\Table->get('debug_kit', Array)
#2 [internal function]: DebugKit\Controller\RequestsController->view('debug_kit', 'js', 'jquery.js')
#3 C:\Users\lin\Desktop\phpdesktop-chrome-31.8-php-5.6.1\phpdesktop-chrome-31.8-php-5.6.1\www\cakephp3\vendor\cakephp\cakephp\src\Controller\Controller.php(429): call_user_func_array(Array, Array)
#4 C:\Users\lin\Desktop\phpdesktop-chrome-31.8-php-5.6.1\phpdesktop-chrome-31.8-php-5.6.1\www\cakephp3\vendor\cakephp\cakephp\src\Routing\Dispatcher.php(114): Cake\Controller\Controller->invokeAction()
#5 C:\Users\lin\Desktop\phpdesktop-chrome-31.8-php-5.6.1\phpdesktop-chrome-31.8-php-5.6.1\www\cakephp3\vendor\cakephp\cakephp\src\Routing\Dispatcher.php(87): Cake\Routing\Dispatcher->_invoke(Object(DebugKit\Controller\RequestsController))
#6 C:\Users\lin\Desktop\phpdesktop-chrome-31.8-php-5.6.1\phpdesktop-chrome-31.8-php-5.6.1\www\cakephp3\webroot\index.php(37): Cake\Routing\Dispatcher->dispatch(Object(Cake\Network\Request), Object(Cake\Network\Response))
#7 {main}


